[35m[Appium][39m Welcome to Appium v1.22.3
[35m[Appium][39m Non-default server args:
[35m[Appium][39m   port: 58875
[35m[Appium][39m   loglevel: info
[35m[Appium][39m   tmpDir: C:\Users\diana\AppData\Local\Temp\\Katalon\Appium\Temp1670901936150
[35m[Appium][39m   chromedriverPort: 58877
[35m[Appium][39m Deprecated server args:
[35m[Appium][39m   [31m--chromedriver-port[39m => --default-capabilities
[35m[Appium][39m Default capabilities, which will be added to each request unless overridden by desired capabilities:
[35m[Appium][39m   chromedriverPort: 58877
[35m[Appium][39m Appium REST http interface listener started on 0.0.0.0:58875
[35m[HTTP][39m [37m-->[39m [37mGET[39m [37m/wd/hub/status[39m
[35m[HTTP][39m [90m{}[39m
[35m[HTTP][39m [37m<-- GET /wd/hub/status [39m[32m200[39m [90m5 ms - 68[39m
[35m[HTTP][39m [90m[39m
[35m[HTTP][39m [37m-->[39m [37mGET[39m [37m/wd/hub/status[39m
[35m[HTTP][39m [90m{}[39m
[35m[HTTP][39m [37m<-- GET /wd/hub/status [39m[32m200[39m [90m1 ms - 68[39m
[35m[HTTP][39m [90m[39m
[35m[HTTP][39m [37m-->[39m [37mPOST[39m [37m/wd/hub/session[39m
[35m[HTTP][39m [90m{"desiredCapabilities":{"app":"C:\\Users\\diana\\Downloads\\com.socialnmobile.dictapps.notepad.color.note_2022-10-26.apk","noReset":true,"deviceName":"emulator-5554 (Android SDK built for x86 - Android 11)","fullReset":false,"platform":"ANDROID","newCommandTimeout":1800,"platformVersion":"11","automationName":"uiautomator2","autoGrantPermissions":true,"platformName":"Android","udid":"emulator-5554","systemPort":58885},"capabilities":{"firstMatch":[{"appium:app":"C:\\Users\\diana\\Downloads\\com.socialnmobile.dictapps.notepad.color.note_2022-10-26.apk","appium:autoGrantPermissions":true,"appium:automationName":"uiautomator2","appium:deviceName":"emulator-5554 (Android SDK built for x86 - Android 11)","appium:fullReset":false,"appium:newCommandTimeout":1800,"appium:noReset":true,"platform":"ANDROID","platformName":"android","appium:platformVersion":"11","appium:systemPort":58885,"appium:udid":"emulator-5554"}]}}[39m
[35m[BaseDriver][39m The following capabilities are not standard capabilities and should have an extension prefix:
[35m[BaseDriver][39m   platform
[35m[BaseDriver][39m   chromedriverPort
[35m[Appium][39m Appium v1.22.3 creating new AndroidUiautomator2Driver (v1.70.1) session
[35m[BaseDriver][39m The following capabilities were provided, but are not recognized by Appium:
[35m[BaseDriver][39m   platform
[35m[BaseDriver][39m Session created with session id: d1eff7c8-94e3-45dd-96e5-4c81e4fd037a
[35m[BaseDriver][39m Using local app 'C:\Users\diana\Downloads\com.socialnmobile.dictapps.notepad.color.note_2022-10-26.apk'
[35m[ADB][39m Found 1 'build-tools' folders under 'C:\Users\diana\.katalon\tools\android_sdk' (newest first):
[35m[ADB][39m     C:/Users/diana/.katalon/tools/android_sdk/build-tools/29.0.3
[35m[ADB][39m Using 'adb.exe' from 'C:\Users\diana\.katalon\tools\android_sdk\platform-tools\adb.exe'
[35m[AndroidDriver][39m Retrieving device list
[35m[AndroidDriver][39m Using device: emulator-5554
[35m[ADB][39m Using 'adb.exe' from 'C:\Users\diana\.katalon\tools\android_sdk\platform-tools\adb.exe'
[35m[ADB][39m Getting device platform version
[35m[UiAutomator2][39m Relaxing hidden api policy
[35m[ADB][39m Package name: 'com.socialnmobile.dictapps.notepad.color.note'
[35m[ADB][39m Main activity name: 'com.socialnmobile.colornote.activity.Main'
[35m[ADB][39m Using 'apksigner.jar' from 'C:\Users\diana\.katalon\tools\android_sdk\build-tools\29.0.3\lib\apksigner.jar'
[35m[ADB][39m 'C:\Users\diana\AppData\Roaming\npm\node_modules\appium\node_modules\appium-uiautomator2-server\apks\appium-uiautomator2-server-v4.27.0.apk' is signed with the default certificate
[35m[ADB][39m 'C:\Users\diana\AppData\Roaming\npm\node_modules\appium\node_modules\appium-uiautomator2-server\apks\appium-uiautomator2-server-debug-androidTest.apk' is signed with the default certificate
[35m[UiAutomator2][39m Server packages are not going to be (re)installed
[35m[ADB][39m Adding packages ["io.appium.settings","io.appium.uiautomator2.server","io.appium.uiautomator2.server.test"] to Doze whitelist
[35m[ADB][39m 'C:\Users\diana\Downloads\com.socialnmobile.dictapps.notepad.color.note_2022-10-26.apk' is signed with a non-default certificate
[35m[ADB][39m The application at 'C:\Users\diana\Downloads\com.socialnmobile.dictapps.notepad.color.note_2022-10-26.apk' will not be cached, because the device under test has confirmed the support of streamed installs
[35m[ADB][39m The installation of 'com.socialnmobile.dictapps.notepad.color.note_2022-10-26.apk' took 718ms
[35m[UiAutomator2][39m Starting UIAutomator2 server 4.27.0
[35m[UiAutomator2][39m Using UIAutomator2 server from 'C:\Users\diana\AppData\Roaming\npm\node_modules\appium\node_modules\appium-uiautomator2-server\apks\appium-uiautomator2-server-v4.27.0.apk' and test from 'C:\Users\diana\AppData\Roaming\npm\node_modules\appium\node_modules\appium-uiautomator2-server\apks\appium-uiautomator2-server-debug-androidTest.apk'
[35m[UiAutomator2][39m Waiting up to 30000ms for UiAutomator2 to be online...
[35m[WD Proxy][39m socket hang up
[35m[WD Proxy][39m socket hang up
[35m[WD Proxy][39m Determined the downstream protocol as 'W3C'
[35m[AndroidDriver][39m Screen already unlocked, doing nothing
[35m[UiAutomator2][39m Starting 'com.socialnmobile.dictapps.notepad.color.note/com.socialnmobile.colornote.activity.Main and waiting for 'com.socialnmobile.dictapps.notepad.color.note/com.socialnmobile.colornote.activity.Main'
[35m[Appium][39m New AndroidUiautomator2Driver session created successfully, session d1eff7c8-94e3-45dd-96e5-4c81e4fd037a added to master session list
[35m[HTTP][39m [37m<-- POST /wd/hub/session [39m[32m200[39m [90m6340 ms - 1409[39m
[35m[HTTP][39m [90m[39m
[35m[HTTP][39m [37m-->[39m [37mGET[39m [37m/wd/hub/session/d1eff7c8-94e3-45dd-96e5-4c81e4fd037a[39m
[35m[HTTP][39m [90m{}[39m
[35m[HTTP][39m [37m<-- GET /wd/hub/session/d1eff7c8-94e3-45dd-96e5-4c81e4fd037a [39m[32m200[39m [90m11 ms - 1363[39m
[35m[HTTP][39m [90m[39m
[35m[HTTP][39m [37m-->[39m [37mGET[39m [37m/wd/hub/session/d1eff7c8-94e3-45dd-96e5-4c81e4fd037a[39m
[35m[HTTP][39m [90m{}[39m
[35m[HTTP][39m [37m<-- GET /wd/hub/session/d1eff7c8-94e3-45dd-96e5-4c81e4fd037a [39m[32m200[39m [90m11 ms - 1363[39m
[35m[HTTP][39m [90m[39m
[35m[HTTP][39m [37m-->[39m [37mGET[39m [37m/wd/hub/status[39m
[35m[HTTP][39m [90m{}[39m
[35m[HTTP][39m [37m<-- GET /wd/hub/status [39m[32m200[39m [90m1 ms - 68[39m
[35m[HTTP][39m [90m[39m
[35m[HTTP][39m [37m-->[39m [37mPOST[39m [37m/wd/hub/session/d1eff7c8-94e3-45dd-96e5-4c81e4fd037a/timeouts[39m
[35m[HTTP][39m [90m{"implicit":60000}[39m
[35m[HTTP][39m [37m<-- POST /wd/hub/session/d1eff7c8-94e3-45dd-96e5-4c81e4fd037a/timeouts [39m[32m200[39m [90m2 ms - 14[39m
[35m[HTTP][39m [90m[39m
[35m[HTTP][39m [37m-->[39m [37mGET[39m [37m/wd/hub/session/d1eff7c8-94e3-45dd-96e5-4c81e4fd037a/source[39m
[35m[HTTP][39m [90m{}[39m
[35m[W3C (d1eff7c8)][39m Driver proxy active, passing request on via HTTP proxy
[35m[WD Proxy][39m Replacing sessionId 1474ee86-3622-4e74-b6b4-9a817852e576 with d1eff7c8-94e3-45dd-96e5-4c81e4fd037a
[35m[HTTP][39m [37m<-- GET /wd/hub/session/d1eff7c8-94e3-45dd-96e5-4c81e4fd037a/source [39m[32m200[39m [90m335 ms - 5090[39m
[35m[HTTP][39m [90m[39m
[35m[HTTP][39m [37m-->[39m [37mGET[39m [37m/wd/hub/session/d1eff7c8-94e3-45dd-96e5-4c81e4fd037a/screenshot[39m
[35m[HTTP][39m [90m{}[39m
[35m[HTTP][39m [37m<-- GET /wd/hub/session/d1eff7c8-94e3-45dd-96e5-4c81e4fd037a/screenshot [39m[32m200[39m [90m381 ms - 173116[39m
[35m[HTTP][39m [90m[39m
[35m[HTTP][39m [37m-->[39m [37mPOST[39m [37m/wd/hub/session/d1eff7c8-94e3-45dd-96e5-4c81e4fd037a/elements[39m
[35m[HTTP][39m [90m{"using":"xpath","value":"//*[@class = 'android.widget.Button' and (@text = 'SKIP' or . = 'SKIP') and @resource-id = 'com.socialnmobile.dictapps.notepad.color.note:id/btn_start_skip']"}[39m
[35m[HTTP][39m [37m<-- POST /wd/hub/session/d1eff7c8-94e3-45dd-96e5-4c81e4fd037a/elements [39m[32m200[39m [90m231 ms - 139[39m
[35m[HTTP][39m [90m[39m
[35m[HTTP][39m [37m-->[39m [37mGET[39m [37m/wd/hub/session/d1eff7c8-94e3-45dd-96e5-4c81e4fd037a/window/rect[39m
[35m[HTTP][39m [90m{}[39m
[35m[HTTP][39m [37m<-- GET /wd/hub/session/d1eff7c8-94e3-45dd-96e5-4c81e4fd037a/window/rect [39m[32m200[39m [90m11 ms - 50[39m
[35m[HTTP][39m [90m[39m
[35m[HTTP][39m [37m-->[39m [37mPOST[39m [37m/wd/hub/session/d1eff7c8-94e3-45dd-96e5-4c81e4fd037a/elements[39m
[35m[HTTP][39m [90m{"using":"xpath","value":"//*[@class = 'android.widget.Button' and (@text = 'SKIP' or . = 'SKIP') and @resource-id = 'com.socialnmobile.dictapps.notepad.color.note:id/btn_start_skip']"}[39m
[35m[HTTP][39m [37m<-- POST /wd/hub/session/d1eff7c8-94e3-45dd-96e5-4c81e4fd037a/elements [39m[32m200[39m [90m25 ms - 139[39m
[35m[HTTP][39m [90m[39m
[35m[HTTP][39m [37m-->[39m [37mGET[39m [37m/wd/hub/session/d1eff7c8-94e3-45dd-96e5-4c81e4fd037a/element/00000000-0000-00f6-ffff-ffff0000008e/location[39m
[35m[HTTP][39m [90m{}[39m
[35m[W3C (d1eff7c8)][39m Driver proxy active, passing request on via HTTP proxy
[35m[WD Proxy][39m Replacing sessionId 1474ee86-3622-4e74-b6b4-9a817852e576 with d1eff7c8-94e3-45dd-96e5-4c81e4fd037a
[35m[HTTP][39m [37m<-- GET /wd/hub/session/d1eff7c8-94e3-45dd-96e5-4c81e4fd037a/element/00000000-0000-00f6-ffff-ffff0000008e/location [39m[32m200[39m [90m11 ms - 78[39m
[35m[HTTP][39m [90m[39m
[35m[HTTP][39m [37m-->[39m [37mPOST[39m [37m/wd/hub/session/d1eff7c8-94e3-45dd-96e5-4c81e4fd037a/element/00000000-0000-00f6-ffff-ffff0000008e/click[39m
[35m[HTTP][39m [90m{"id":"00000000-0000-00f6-ffff-ffff0000008e"}[39m
[35m[HTTP][39m [37m<-- POST /wd/hub/session/d1eff7c8-94e3-45dd-96e5-4c81e4fd037a/element/00000000-0000-00f6-ffff-ffff0000008e/click [39m[32m200[39m [90m41 ms - 14[39m
[35m[HTTP][39m [90m[39m
[35m[HTTP][39m [37m-->[39m [37mGET[39m [37m/wd/hub/session/d1eff7c8-94e3-45dd-96e5-4c81e4fd037a/source[39m
[35m[HTTP][39m [90m{}[39m
[35m[W3C (d1eff7c8)][39m Driver proxy active, passing request on via HTTP proxy
[35m[WD Proxy][39m Replacing sessionId 1474ee86-3622-4e74-b6b4-9a817852e576 with d1eff7c8-94e3-45dd-96e5-4c81e4fd037a
[35m[HTTP][39m [37m<-- GET /wd/hub/session/d1eff7c8-94e3-45dd-96e5-4c81e4fd037a/source [39m[32m200[39m [90m444 ms - 20939[39m
[35m[HTTP][39m [90m[39m
[35m[HTTP][39m [37m-->[39m [37mGET[39m [37m/wd/hub/session/d1eff7c8-94e3-45dd-96e5-4c81e4fd037a/screenshot[39m
[35m[HTTP][39m [90m{}[39m
[35m[HTTP][39m [37m<-- GET /wd/hub/session/d1eff7c8-94e3-45dd-96e5-4c81e4fd037a/screenshot [39m[32m200[39m [90m386 ms - 141218[39m
[35m[HTTP][39m [90m[39m
[35m[HTTP][39m [37m-->[39m [37mPOST[39m [37m/wd/hub/session/d1eff7c8-94e3-45dd-96e5-4c81e4fd037a/elements[39m
[35m[HTTP][39m [90m{"using":"xpath","value":"//*[@class = 'android.widget.ImageButton' and @resource-id = 'com.socialnmobile.dictapps.notepad.color.note:id/bottom_fab' and (@text = '' or . = '')]"}[39m
[35m[HTTP][39m [37m<-- POST /wd/hub/session/d1eff7c8-94e3-45dd-96e5-4c81e4fd037a/elements [39m[32m200[39m [90m69 ms - 139[39m
[35m[HTTP][39m [90m[39m
[35m[HTTP][39m [37m-->[39m [37mGET[39m [37m/wd/hub/session/d1eff7c8-94e3-45dd-96e5-4c81e4fd037a/window/rect[39m
[35m[HTTP][39m [90m{}[39m
[35m[HTTP][39m [37m<-- GET /wd/hub/session/d1eff7c8-94e3-45dd-96e5-4c81e4fd037a/window/rect [39m[32m200[39m [90m10 ms - 50[39m
[35m[HTTP][39m [90m[39m
[35m[HTTP][39m [37m-->[39m [37mPOST[39m [37m/wd/hub/session/d1eff7c8-94e3-45dd-96e5-4c81e4fd037a/elements[39m
[35m[HTTP][39m [90m{"using":"xpath","value":"//*[@class = 'android.widget.ImageButton' and @resource-id = 'com.socialnmobile.dictapps.notepad.color.note:id/bottom_fab' and (@text = '' or . = '')]"}[39m
[35m[HTTP][39m [37m<-- POST /wd/hub/session/d1eff7c8-94e3-45dd-96e5-4c81e4fd037a/elements [39m[32m200[39m [90m57 ms - 139[39m
[35m[HTTP][39m [90m[39m
[35m[HTTP][39m [37m-->[39m [37mGET[39m [37m/wd/hub/session/d1eff7c8-94e3-45dd-96e5-4c81e4fd037a/element/00000000-0000-00f5-ffff-ffff0000006f/location[39m
[35m[HTTP][39m [90m{}[39m
[35m[W3C (d1eff7c8)][39m Driver proxy active, passing request on via HTTP proxy
[35m[WD Proxy][39m Replacing sessionId 1474ee86-3622-4e74-b6b4-9a817852e576 with d1eff7c8-94e3-45dd-96e5-4c81e4fd037a
[35m[HTTP][39m [37m<-- GET /wd/hub/session/d1eff7c8-94e3-45dd-96e5-4c81e4fd037a/element/00000000-0000-00f5-ffff-ffff0000006f/location [39m[32m200[39m [90m7 ms - 79[39m
[35m[HTTP][39m [90m[39m
[35m[HTTP][39m [37m-->[39m [37mPOST[39m [37m/wd/hub/session/d1eff7c8-94e3-45dd-96e5-4c81e4fd037a/element/00000000-0000-00f5-ffff-ffff0000006f/click[39m
[35m[HTTP][39m [90m{"id":"00000000-0000-00f5-ffff-ffff0000006f"}[39m
[35m[HTTP][39m [37m<-- POST /wd/hub/session/d1eff7c8-94e3-45dd-96e5-4c81e4fd037a/element/00000000-0000-00f5-ffff-ffff0000006f/click [39m[32m200[39m [90m31 ms - 14[39m
[35m[HTTP][39m [90m[39m
[35m[HTTP][39m [37m-->[39m [37mGET[39m [37m/wd/hub/session/d1eff7c8-94e3-45dd-96e5-4c81e4fd037a/source[39m
[35m[HTTP][39m [90m{}[39m
[35m[W3C (d1eff7c8)][39m Driver proxy active, passing request on via HTTP proxy
[35m[WD Proxy][39m Replacing sessionId 1474ee86-3622-4e74-b6b4-9a817852e576 with d1eff7c8-94e3-45dd-96e5-4c81e4fd037a
[35m[HTTP][39m [37m<-- GET /wd/hub/session/d1eff7c8-94e3-45dd-96e5-4c81e4fd037a/source [39m[32m200[39m [90m345 ms - 9157[39m
[35m[HTTP][39m [90m[39m
[35m[HTTP][39m [37m-->[39m [37mGET[39m [37m/wd/hub/session/d1eff7c8-94e3-45dd-96e5-4c81e4fd037a/screenshot[39m
[35m[HTTP][39m [90m{}[39m
[35m[HTTP][39m [37m<-- GET /wd/hub/session/d1eff7c8-94e3-45dd-96e5-4c81e4fd037a/screenshot [39m[32m200[39m [90m372 ms - 140490[39m
[35m[HTTP][39m [90m[39m
[35m[HTTP][39m [37m-->[39m [37mPOST[39m [37m/wd/hub/session/d1eff7c8-94e3-45dd-96e5-4c81e4fd037a/elements[39m
[35m[HTTP][39m [90m{"using":"xpath","value":"//*[@class = 'android.widget.TextView' and (@text = 'Checklist' or . = 'Checklist') and @resource-id = 'com.socialnmobile.dictapps.notepad.color.note:id/text']"}[39m
[35m[HTTP][39m [37m<-- POST /wd/hub/session/d1eff7c8-94e3-45dd-96e5-4c81e4fd037a/elements [39m[32m200[39m [90m44 ms - 139[39m
[35m[HTTP][39m [90m[39m
[35m[HTTP][39m [37m-->[39m [37mGET[39m [37m/wd/hub/session/d1eff7c8-94e3-45dd-96e5-4c81e4fd037a/window/rect[39m
[35m[HTTP][39m [90m{}[39m
[35m[HTTP][39m [37m<-- GET /wd/hub/session/d1eff7c8-94e3-45dd-96e5-4c81e4fd037a/window/rect [39m[32m200[39m [90m6 ms - 50[39m
[35m[HTTP][39m [90m[39m
[35m[HTTP][39m [37m-->[39m [37mPOST[39m [37m/wd/hub/session/d1eff7c8-94e3-45dd-96e5-4c81e4fd037a/elements[39m
[35m[HTTP][39m [90m{"using":"xpath","value":"//*[@class = 'android.widget.TextView' and (@text = 'Checklist' or . = 'Checklist') and @resource-id = 'com.socialnmobile.dictapps.notepad.color.note:id/text']"}[39m
[35m[HTTP][39m [37m<-- POST /wd/hub/session/d1eff7c8-94e3-45dd-96e5-4c81e4fd037a/elements [39m[32m200[39m [90m29 ms - 139[39m
[35m[HTTP][39m [90m[39m
[35m[HTTP][39m [37m-->[39m [37mGET[39m [37m/wd/hub/session/d1eff7c8-94e3-45dd-96e5-4c81e4fd037a/element/00000000-0000-00f7-ffff-ffff000000b0/location[39m
[35m[HTTP][39m [90m{}[39m
[35m[W3C (d1eff7c8)][39m Driver proxy active, passing request on via HTTP proxy
[35m[WD Proxy][39m Replacing sessionId 1474ee86-3622-4e74-b6b4-9a817852e576 with d1eff7c8-94e3-45dd-96e5-4c81e4fd037a
[35m[HTTP][39m [37m<-- GET /wd/hub/session/d1eff7c8-94e3-45dd-96e5-4c81e4fd037a/element/00000000-0000-00f7-ffff-ffff000000b0/location [39m[32m200[39m [90m7 ms - 79[39m
[35m[HTTP][39m [90m[39m
[35m[HTTP][39m [37m-->[39m [37mPOST[39m [37m/wd/hub/session/d1eff7c8-94e3-45dd-96e5-4c81e4fd037a/element/00000000-0000-00f7-ffff-ffff000000b0/click[39m
[35m[HTTP][39m [90m{"id":"00000000-0000-00f7-ffff-ffff000000b0"}[39m
[35m[HTTP][39m [37m<-- POST /wd/hub/session/d1eff7c8-94e3-45dd-96e5-4c81e4fd037a/element/00000000-0000-00f7-ffff-ffff000000b0/click [39m[32m200[39m [90m1283 ms - 14[39m
[35m[HTTP][39m [90m[39m
[35m[HTTP][39m [37m-->[39m [37mGET[39m [37m/wd/hub/session/d1eff7c8-94e3-45dd-96e5-4c81e4fd037a/source[39m
[35m[HTTP][39m [90m{}[39m
[35m[W3C (d1eff7c8)][39m Driver proxy active, passing request on via HTTP proxy
[35m[WD Proxy][39m Replacing sessionId 1474ee86-3622-4e74-b6b4-9a817852e576 with d1eff7c8-94e3-45dd-96e5-4c81e4fd037a
[35m[HTTP][39m [37m<-- GET /wd/hub/session/d1eff7c8-94e3-45dd-96e5-4c81e4fd037a/source [39m[32m200[39m [90m27 ms - 18173[39m
[35m[HTTP][39m [90m[39m
[35m[HTTP][39m [37m-->[39m [37mGET[39m [37m/wd/hub/session/d1eff7c8-94e3-45dd-96e5-4c81e4fd037a/screenshot[39m
[35m[HTTP][39m [90m{}[39m
[35m[HTTP][39m [37m<-- GET /wd/hub/session/d1eff7c8-94e3-45dd-96e5-4c81e4fd037a/screenshot [39m[32m200[39m [90m348 ms - 199554[39m
[35m[HTTP][39m [90m[39m
[35m[HTTP][39m [37m-->[39m [37mPOST[39m [37m/wd/hub/session/d1eff7c8-94e3-45dd-96e5-4c81e4fd037a/elements[39m
[35m[HTTP][39m [90m{"using":"xpath","value":"//*[@class = 'android.widget.TextView' and (@text = 'Add Item' or . = 'Add Item') and @resource-id = 'com.socialnmobile.dictapps.notepad.color.note:id/text']"}[39m
[35m[HTTP][39m [37m<-- POST /wd/hub/session/d1eff7c8-94e3-45dd-96e5-4c81e4fd037a/elements [39m[32m200[39m [90m51 ms - 267[39m
[35m[HTTP][39m [90m[39m
[35m[HTTP][39m [37m-->[39m [37mPOST[39m [37m/wd/hub/session/d1eff7c8-94e3-45dd-96e5-4c81e4fd037a/elements[39m
[35m[HTTP][39m [90m{"using":"id","value":"com.socialnmobile.dictapps.notepad.color.note:id/text"}[39m
[35m[HTTP][39m [37m<-- POST /wd/hub/session/d1eff7c8-94e3-45dd-96e5-4c81e4fd037a/elements [39m[32m200[39m [90m13 ms - 267[39m
[35m[HTTP][39m [90m[39m
[35m[HTTP][39m [37m-->[39m [37mPOST[39m [37m/wd/hub/session/d1eff7c8-94e3-45dd-96e5-4c81e4fd037a/elements[39m
[35m[HTTP][39m [90m{"using":"-android uiautomator","value":"new UiSelector().className(\"android.widget.TextView\").text(\"Add Item\").resourceId(\"com.socialnmobile.dictapps.notepad.color.note:id/text\")"}[39m
[35m[HTTP][39m [37m<-- POST /wd/hub/session/d1eff7c8-94e3-45dd-96e5-4c81e4fd037a/elements [39m[32m200[39m [90m25 ms - 267[39m
[35m[HTTP][39m [90m[39m
[35m[HTTP][39m [37m-->[39m [37mGET[39m [37m/wd/hub/session/d1eff7c8-94e3-45dd-96e5-4c81e4fd037a/window/rect[39m
[35m[HTTP][39m [90m{}[39m
[35m[HTTP][39m [37m<-- GET /wd/hub/session/d1eff7c8-94e3-45dd-96e5-4c81e4fd037a/window/rect [39m[32m200[39m [90m5 ms - 50[39m
[35m[HTTP][39m [90m[39m
[35m[HTTP][39m [37m-->[39m [37mPOST[39m [37m/wd/hub/session/d1eff7c8-94e3-45dd-96e5-4c81e4fd037a/elements[39m
[35m[HTTP][39m [90m{"using":"xpath","value":"//hierarchy/android.widget.FrameLayout[1]/android.widget.LinearLayout[1]/android.widget.FrameLayout[1]/android.widget.FrameLayout[1]/android.widget.FrameLayout[1]/android.widget.RelativeLayout[1]/android.widget.FrameLayout[1]/android.widget.RelativeLayout[1]/android.view.ViewGroup[1]/android.widget.LinearLayout[1]/android.widget.RelativeLayout[2]/android.widget.ListView[1]/android.widget.LinearLayout[1]/android.widget.LinearLayout[1]/android.widget.TextView[1]"}[39m
[35m[HTTP][39m [37m<-- POST /wd/hub/session/d1eff7c8-94e3-45dd-96e5-4c81e4fd037a/elements [39m[32m200[39m [90m31 ms - 139[39m
[35m[HTTP][39m [90m[39m
[35m[HTTP][39m [37m-->[39m [37mGET[39m [37m/wd/hub/session/d1eff7c8-94e3-45dd-96e5-4c81e4fd037a/element/00000000-0000-00f8-ffff-ffff000000f1/location[39m
[35m[HTTP][39m [90m{}[39m
[35m[W3C (d1eff7c8)][39m Driver proxy active, passing request on via HTTP proxy
[35m[WD Proxy][39m Replacing sessionId 1474ee86-3622-4e74-b6b4-9a817852e576 with d1eff7c8-94e3-45dd-96e5-4c81e4fd037a
[35m[HTTP][39m [37m<-- GET /wd/hub/session/d1eff7c8-94e3-45dd-96e5-4c81e4fd037a/element/00000000-0000-00f8-ffff-ffff000000f1/location [39m[32m200[39m [90m8 ms - 78[39m
[35m[HTTP][39m [90m[39m
[35m[HTTP][39m [37m-->[39m [37mPOST[39m [37m/wd/hub/session/d1eff7c8-94e3-45dd-96e5-4c81e4fd037a/element/00000000-0000-00f8-ffff-ffff000000f1/click[39m
[35m[HTTP][39m [90m{"id":"00000000-0000-00f8-ffff-ffff000000f1"}[39m
[35m[HTTP][39m [37m<-- POST /wd/hub/session/d1eff7c8-94e3-45dd-96e5-4c81e4fd037a/element/00000000-0000-00f8-ffff-ffff000000f1/click [39m[32m200[39m [90m936 ms - 14[39m
[35m[HTTP][39m [90m[39m
[35m[HTTP][39m [37m-->[39m [37mGET[39m [37m/wd/hub/session/d1eff7c8-94e3-45dd-96e5-4c81e4fd037a/source[39m
[35m[HTTP][39m [90m{}[39m
[35m[W3C (d1eff7c8)][39m Driver proxy active, passing request on via HTTP proxy
[35m[WD Proxy][39m Replacing sessionId 1474ee86-3622-4e74-b6b4-9a817852e576 with d1eff7c8-94e3-45dd-96e5-4c81e4fd037a
[35m[HTTP][39m [37m<-- GET /wd/hub/session/d1eff7c8-94e3-45dd-96e5-4c81e4fd037a/source [39m[32m200[39m [90m16 ms - 9051[39m
[35m[HTTP][39m [90m[39m
[35m[HTTP][39m [37m-->[39m [37mGET[39m [37m/wd/hub/session/d1eff7c8-94e3-45dd-96e5-4c81e4fd037a/screenshot[39m
[35m[HTTP][39m [90m{}[39m
[35m[HTTP][39m [37m<-- GET /wd/hub/session/d1eff7c8-94e3-45dd-96e5-4c81e4fd037a/screenshot [39m[32m200[39m [90m411 ms - 213552[39m
[35m[HTTP][39m [90m[39m
[35m[HTTP][39m [37m-->[39m [37mPOST[39m [37m/wd/hub/session/d1eff7c8-94e3-45dd-96e5-4c81e4fd037a/elements[39m
[35m[HTTP][39m [90m{"using":"xpath","value":"//*[@class = 'android.widget.EditText' and @resource-id = 'com.socialnmobile.dictapps.notepad.color.note:id/edit' and (@text = '' or . = '')]"}[39m
[35m[HTTP][39m [37m<-- POST /wd/hub/session/d1eff7c8-94e3-45dd-96e5-4c81e4fd037a/elements [39m[32m200[39m [90m37 ms - 139[39m
[35m[HTTP][39m [90m[39m
[35m[HTTP][39m [37m-->[39m [37mGET[39m [37m/wd/hub/session/d1eff7c8-94e3-45dd-96e5-4c81e4fd037a/window/rect[39m
[35m[HTTP][39m [90m{}[39m
[35m[HTTP][39m [37m<-- GET /wd/hub/session/d1eff7c8-94e3-45dd-96e5-4c81e4fd037a/window/rect [39m[32m200[39m [90m6 ms - 50[39m
[35m[HTTP][39m [90m[39m
[35m[HTTP][39m [37m-->[39m [37mPOST[39m [37m/wd/hub/session/d1eff7c8-94e3-45dd-96e5-4c81e4fd037a/elements[39m
[35m[HTTP][39m [90m{"using":"xpath","value":"//*[@class = 'android.widget.EditText' and @resource-id = 'com.socialnmobile.dictapps.notepad.color.note:id/edit' and (@text = '' or . = '')]"}[39m
[35m[HTTP][39m [37m<-- POST /wd/hub/session/d1eff7c8-94e3-45dd-96e5-4c81e4fd037a/elements [39m[32m200[39m [90m29 ms - 139[39m
[35m[HTTP][39m [90m[39m
[35m[HTTP][39m [37m-->[39m [37mGET[39m [37m/wd/hub/session/d1eff7c8-94e3-45dd-96e5-4c81e4fd037a/element/00000000-0000-00f9-ffff-ffff000000f8/location[39m
[35m[HTTP][39m [90m{}[39m
[35m[W3C (d1eff7c8)][39m Driver proxy active, passing request on via HTTP proxy
[35m[WD Proxy][39m Replacing sessionId 1474ee86-3622-4e74-b6b4-9a817852e576 with d1eff7c8-94e3-45dd-96e5-4c81e4fd037a
[35m[HTTP][39m [37m<-- GET /wd/hub/session/d1eff7c8-94e3-45dd-96e5-4c81e4fd037a/element/00000000-0000-00f9-ffff-ffff000000f8/location [39m[32m200[39m [90m10 ms - 78[39m
[35m[HTTP][39m [90m[39m
[35m[HTTP][39m [37m-->[39m [37mPOST[39m [37m/wd/hub/session/d1eff7c8-94e3-45dd-96e5-4c81e4fd037a/element/00000000-0000-00f9-ffff-ffff000000f8/clear[39m
[35m[HTTP][39m [90m{"id":"00000000-0000-00f9-ffff-ffff000000f8"}[39m
[35m[HTTP][39m [37m<-- POST /wd/hub/session/d1eff7c8-94e3-45dd-96e5-4c81e4fd037a/element/00000000-0000-00f9-ffff-ffff000000f8/clear [39m[32m200[39m [90m12 ms - 14[39m
[35m[HTTP][39m [90m[39m
[35m[HTTP][39m [37m-->[39m [37mPOST[39m [37m/wd/hub/session/d1eff7c8-94e3-45dd-96e5-4c81e4fd037a/element/00000000-0000-00f9-ffff-ffff000000f8/value[39m
[35m[HTTP][39m [90m{"id":"00000000-0000-00f9-ffff-ffff000000f8","text":"Belum makan","value":["B","e","l","u","m"," ","m","a","k","a","n"]}[39m
[35m[HTTP][39m [37m<-- POST /wd/hub/session/d1eff7c8-94e3-45dd-96e5-4c81e4fd037a/element/00000000-0000-00f9-ffff-ffff000000f8/value [39m[32m200[39m [90m734 ms - 14[39m
[35m[HTTP][39m [90m[39m
[35m[HTTP][39m [37m-->[39m [37mGET[39m [37m/wd/hub/session/d1eff7c8-94e3-45dd-96e5-4c81e4fd037a/source[39m
[35m[HTTP][39m [90m{}[39m
[35m[W3C (d1eff7c8)][39m Driver proxy active, passing request on via HTTP proxy
[35m[WD Proxy][39m Replacing sessionId 1474ee86-3622-4e74-b6b4-9a817852e576 with d1eff7c8-94e3-45dd-96e5-4c81e4fd037a
[35m[HTTP][39m [37m<-- GET /wd/hub/session/d1eff7c8-94e3-45dd-96e5-4c81e4fd037a/source [39m[32m200[39m [90m200 ms - 9062[39m
[35m[HTTP][39m [90m[39m
[35m[HTTP][39m [37m-->[39m [37mGET[39m [37m/wd/hub/session/d1eff7c8-94e3-45dd-96e5-4c81e4fd037a/screenshot[39m
[35m[HTTP][39m [90m{}[39m
[35m[HTTP][39m [37m<-- GET /wd/hub/session/d1eff7c8-94e3-45dd-96e5-4c81e4fd037a/screenshot [39m[32m200[39m [90m365 ms - 212288[39m
[35m[HTTP][39m [90m[39m
[35m[HTTP][39m [37m-->[39m [37mPOST[39m [37m/wd/hub/session/d1eff7c8-94e3-45dd-96e5-4c81e4fd037a/elements[39m
[35m[HTTP][39m [90m{"using":"xpath","value":"//*[@class = 'android.widget.Button' and (@text = 'OK' or . = 'OK') and @resource-id = 'android:id/button1']"}[39m
[35m[HTTP][39m [37m<-- POST /wd/hub/session/d1eff7c8-94e3-45dd-96e5-4c81e4fd037a/elements [39m[32m200[39m [90m33 ms - 139[39m
[35m[HTTP][39m [90m[39m
[35m[HTTP][39m [37m-->[39m [37mGET[39m [37m/wd/hub/session/d1eff7c8-94e3-45dd-96e5-4c81e4fd037a/window/rect[39m
[35m[HTTP][39m [90m{}[39m
[35m[HTTP][39m [37m<-- GET /wd/hub/session/d1eff7c8-94e3-45dd-96e5-4c81e4fd037a/window/rect [39m[32m200[39m [90m4 ms - 50[39m
[35m[HTTP][39m [90m[39m
[35m[HTTP][39m [37m-->[39m [37mPOST[39m [37m/wd/hub/session/d1eff7c8-94e3-45dd-96e5-4c81e4fd037a/elements[39m
[35m[HTTP][39m [90m{"using":"xpath","value":"//*[@class = 'android.widget.Button' and (@text = 'OK' or . = 'OK') and @resource-id = 'android:id/button1']"}[39m
[35m[HTTP][39m [37m<-- POST /wd/hub/session/d1eff7c8-94e3-45dd-96e5-4c81e4fd037a/elements [39m[32m200[39m [90m25 ms - 139[39m
[35m[HTTP][39m [90m[39m
[35m[HTTP][39m [37m-->[39m [37mGET[39m [37m/wd/hub/session/d1eff7c8-94e3-45dd-96e5-4c81e4fd037a/element/00000000-0000-00f9-ffff-ffff0000011e/location[39m
[35m[HTTP][39m [90m{}[39m
[35m[W3C (d1eff7c8)][39m Driver proxy active, passing request on via HTTP proxy
[35m[WD Proxy][39m Replacing sessionId 1474ee86-3622-4e74-b6b4-9a817852e576 with d1eff7c8-94e3-45dd-96e5-4c81e4fd037a
[35m[HTTP][39m [37m<-- GET /wd/hub/session/d1eff7c8-94e3-45dd-96e5-4c81e4fd037a/element/00000000-0000-00f9-ffff-ffff0000011e/location [39m[32m200[39m [90m8 ms - 80[39m
[35m[HTTP][39m [90m[39m
[35m[HTTP][39m [37m-->[39m [37mPOST[39m [37m/wd/hub/session/d1eff7c8-94e3-45dd-96e5-4c81e4fd037a/element/00000000-0000-00f9-ffff-ffff0000011e/click[39m
[35m[HTTP][39m [90m{"id":"00000000-0000-00f9-ffff-ffff0000011e"}[39m
[35m[HTTP][39m [37m<-- POST /wd/hub/session/d1eff7c8-94e3-45dd-96e5-4c81e4fd037a/element/00000000-0000-00f9-ffff-ffff0000011e/click [39m[32m200[39m [90m37 ms - 14[39m
[35m[HTTP][39m [90m[39m
[35m[HTTP][39m [37m-->[39m [37mGET[39m [37m/wd/hub/session/d1eff7c8-94e3-45dd-96e5-4c81e4fd037a/source[39m
[35m[HTTP][39m [90m{}[39m
[35m[W3C (d1eff7c8)][39m Driver proxy active, passing request on via HTTP proxy
[35m[WD Proxy][39m Replacing sessionId 1474ee86-3622-4e74-b6b4-9a817852e576 with d1eff7c8-94e3-45dd-96e5-4c81e4fd037a
[35m[HTTP][39m [37m<-- GET /wd/hub/session/d1eff7c8-94e3-45dd-96e5-4c81e4fd037a/source [39m[32m200[39m [90m120 ms - 21221[39m
[35m[HTTP][39m [90m[39m
[35m[HTTP][39m [37m-->[39m [37mGET[39m [37m/wd/hub/session/d1eff7c8-94e3-45dd-96e5-4c81e4fd037a/screenshot[39m
[35m[HTTP][39m [90m{}[39m
[35m[HTTP][39m [37m<-- GET /wd/hub/session/d1eff7c8-94e3-45dd-96e5-4c81e4fd037a/screenshot [39m[32m200[39m [90m337 ms - 112534[39m
[35m[HTTP][39m [90m[39m
[35m[HTTP][39m [37m-->[39m [37mGET[39m [37m/wd/hub/session/d1eff7c8-94e3-45dd-96e5-4c81e4fd037a/context[39m
[35m[HTTP][39m [90m{}[39m
[35m[HTTP][39m [37m<-- GET /wd/hub/session/d1eff7c8-94e3-45dd-96e5-4c81e4fd037a/context [39m[32m200[39m [90m1 ms - 22[39m
[35m[HTTP][39m [90m[39m
[35m[HTTP][39m [37m-->[39m [37mGET[39m [37m/wd/hub/session/d1eff7c8-94e3-45dd-96e5-4c81e4fd037a/contexts[39m
[35m[HTTP][39m [90m{}[39m
[35m[HTTP][39m [37m<-- GET /wd/hub/session/d1eff7c8-94e3-45dd-96e5-4c81e4fd037a/contexts [39m[32m200[39m [90m37 ms - 24[39m
[35m[HTTP][39m [90m[39m
[35m[HTTP][39m [37m-->[39m [37mPOST[39m [37m/wd/hub/session/d1eff7c8-94e3-45dd-96e5-4c81e4fd037a/context[39m
[35m[HTTP][39m [90m{"name":"NATIVE_APP"}[39m
[35m[HTTP][39m [37m<-- POST /wd/hub/session/d1eff7c8-94e3-45dd-96e5-4c81e4fd037a/context [39m[32m200[39m [90m1 ms - 14[39m
[35m[HTTP][39m [90m[39m
[35m[HTTP][39m [37m-->[39m [37mPOST[39m [37m/wd/hub/session/d1eff7c8-94e3-45dd-96e5-4c81e4fd037a/appium/device/press_keycode[39m
[35m[HTTP][39m [90m{"keycode":4}[39m
[35m[HTTP][39m [37m<-- POST /wd/hub/session/d1eff7c8-94e3-45dd-96e5-4c81e4fd037a/appium/device/press_keycode [39m[32m200[39m [90m84 ms - 14[39m
[35m[HTTP][39m [90m[39m
[35m[HTTP][39m [37m-->[39m [37mPOST[39m [37m/wd/hub/session/d1eff7c8-94e3-45dd-96e5-4c81e4fd037a/context[39m
[35m[HTTP][39m [90m{"name":"NATIVE_APP"}[39m
[35m[HTTP][39m [37m<-- POST /wd/hub/session/d1eff7c8-94e3-45dd-96e5-4c81e4fd037a/context [39m[32m200[39m [90m1 ms - 14[39m
[35m[HTTP][39m [90m[39m
[35m[HTTP][39m [37m-->[39m [37mGET[39m [37m/wd/hub/session/d1eff7c8-94e3-45dd-96e5-4c81e4fd037a/source[39m
[35m[HTTP][39m [90m{}[39m
[35m[W3C (d1eff7c8)][39m Driver proxy active, passing request on via HTTP proxy
[35m[WD Proxy][39m Replacing sessionId 1474ee86-3622-4e74-b6b4-9a817852e576 with d1eff7c8-94e3-45dd-96e5-4c81e4fd037a
[35m[HTTP][39m [37m<-- GET /wd/hub/session/d1eff7c8-94e3-45dd-96e5-4c81e4fd037a/source [39m[32m200[39m [90m39 ms - 14522[39m
[35m[HTTP][39m [90m[39m
[35m[HTTP][39m [37m-->[39m [37mGET[39m [37m/wd/hub/session/d1eff7c8-94e3-45dd-96e5-4c81e4fd037a/screenshot[39m
[35m[HTTP][39m [90m{}[39m
[35m[HTTP][39m [37m<-- GET /wd/hub/session/d1eff7c8-94e3-45dd-96e5-4c81e4fd037a/screenshot [39m[32m200[39m [90m344 ms - 113200[39m
[35m[HTTP][39m [90m[39m
[35m[HTTP][39m [37m-->[39m [37mGET[39m [37m/wd/hub/session/d1eff7c8-94e3-45dd-96e5-4c81e4fd037a/context[39m
[35m[HTTP][39m [90m{}[39m
[35m[HTTP][39m [37m<-- GET /wd/hub/session/d1eff7c8-94e3-45dd-96e5-4c81e4fd037a/context [39m[32m200[39m [90m1 ms - 22[39m
[35m[HTTP][39m [90m[39m
[35m[HTTP][39m [37m-->[39m [37mGET[39m [37m/wd/hub/session/d1eff7c8-94e3-45dd-96e5-4c81e4fd037a/contexts[39m
[35m[HTTP][39m [90m{}[39m
[35m[HTTP][39m [37m<-- GET /wd/hub/session/d1eff7c8-94e3-45dd-96e5-4c81e4fd037a/contexts [39m[32m200[39m [90m34 ms - 24[39m
[35m[HTTP][39m [90m[39m
[35m[HTTP][39m [37m-->[39m [37mPOST[39m [37m/wd/hub/session/d1eff7c8-94e3-45dd-96e5-4c81e4fd037a/context[39m
[35m[HTTP][39m [90m{"name":"NATIVE_APP"}[39m
[35m[HTTP][39m [37m<-- POST /wd/hub/session/d1eff7c8-94e3-45dd-96e5-4c81e4fd037a/context [39m[32m200[39m [90m1 ms - 14[39m
[35m[HTTP][39m [90m[39m
[35m[HTTP][39m [37m-->[39m [37mPOST[39m [37m/wd/hub/session/d1eff7c8-94e3-45dd-96e5-4c81e4fd037a/appium/device/press_keycode[39m
[35m[HTTP][39m [90m{"keycode":4}[39m
[35m[HTTP][39m [37m<-- POST /wd/hub/session/d1eff7c8-94e3-45dd-96e5-4c81e4fd037a/appium/device/press_keycode [39m[32m200[39m [90m591 ms - 14[39m
[35m[HTTP][39m [90m[39m
[35m[HTTP][39m [37m-->[39m [37mPOST[39m [37m/wd/hub/session/d1eff7c8-94e3-45dd-96e5-4c81e4fd037a/context[39m
[35m[HTTP][39m [90m{"name":"NATIVE_APP"}[39m
[35m[HTTP][39m [37m<-- POST /wd/hub/session/d1eff7c8-94e3-45dd-96e5-4c81e4fd037a/context [39m[32m200[39m [90m1 ms - 14[39m
[35m[HTTP][39m [90m[39m
[35m[HTTP][39m [37m-->[39m [37mGET[39m [37m/wd/hub/session/d1eff7c8-94e3-45dd-96e5-4c81e4fd037a/source[39m
[35m[HTTP][39m [90m{}[39m
[35m[W3C (d1eff7c8)][39m Driver proxy active, passing request on via HTTP proxy
[35m[WD Proxy][39m Replacing sessionId 1474ee86-3622-4e74-b6b4-9a817852e576 with d1eff7c8-94e3-45dd-96e5-4c81e4fd037a
[35m[HTTP][39m [37m<-- GET /wd/hub/session/d1eff7c8-94e3-45dd-96e5-4c81e4fd037a/source [39m[32m200[39m [90m35 ms - 22466[39m
[35m[HTTP][39m [90m[39m
[35m[HTTP][39m [37m-->[39m [37mGET[39m [37m/wd/hub/session/d1eff7c8-94e3-45dd-96e5-4c81e4fd037a/screenshot[39m
[35m[HTTP][39m [90m{}[39m
[35m[HTTP][39m [37m<-- GET /wd/hub/session/d1eff7c8-94e3-45dd-96e5-4c81e4fd037a/screenshot [39m[32m200[39m [90m345 ms - 150918[39m
[35m[HTTP][39m [90m[39m
[35m[HTTP][39m [37m-->[39m [37mPOST[39m [37m/wd/hub/session/d1eff7c8-94e3-45dd-96e5-4c81e4fd037a/elements[39m
[35m[HTTP][39m [90m{"using":"xpath","value":"//*[@class = 'android.widget.TextView' and (@text = '(12/13/2022)' or . = '(12/13/2022)') and @resource-id = 'com.socialnmobile.dictapps.notepad.color.note:id/title']"}[39m
[35m[HTTP][39m [37m<-- POST /wd/hub/session/d1eff7c8-94e3-45dd-96e5-4c81e4fd037a/elements [39m[32m200[39m [90m51 ms - 139[39m
[35m[HTTP][39m [90m[39m
[35m[HTTP][39m [37m-->[39m [37mGET[39m [37m/wd/hub/session/d1eff7c8-94e3-45dd-96e5-4c81e4fd037a/window/rect[39m
[35m[HTTP][39m [90m{}[39m
[35m[HTTP][39m [37m<-- GET /wd/hub/session/d1eff7c8-94e3-45dd-96e5-4c81e4fd037a/window/rect [39m[32m200[39m [90m7 ms - 50[39m
[35m[HTTP][39m [90m[39m
[35m[HTTP][39m [37m-->[39m [37mPOST[39m [37m/wd/hub/session/d1eff7c8-94e3-45dd-96e5-4c81e4fd037a/elements[39m
[35m[HTTP][39m [90m{"using":"xpath","value":"//*[@class = 'android.widget.TextView' and (@text = '(12/13/2022)' or . = '(12/13/2022)') and @resource-id = 'com.socialnmobile.dictapps.notepad.color.note:id/title']"}[39m
[35m[HTTP][39m [37m<-- POST /wd/hub/session/d1eff7c8-94e3-45dd-96e5-4c81e4fd037a/elements [39m[32m200[39m [90m36 ms - 139[39m
[35m[HTTP][39m [90m[39m
[35m[HTTP][39m [37m-->[39m [37mGET[39m [37m/wd/hub/session/d1eff7c8-94e3-45dd-96e5-4c81e4fd037a/element/00000000-0000-00f5-ffff-ffff0000012c/location[39m
[35m[HTTP][39m [90m{}[39m
[35m[W3C (d1eff7c8)][39m Driver proxy active, passing request on via HTTP proxy
[35m[WD Proxy][39m Replacing sessionId 1474ee86-3622-4e74-b6b4-9a817852e576 with d1eff7c8-94e3-45dd-96e5-4c81e4fd037a
[35m[HTTP][39m [37m<-- GET /wd/hub/session/d1eff7c8-94e3-45dd-96e5-4c81e4fd037a/element/00000000-0000-00f5-ffff-ffff0000012c/location [39m[32m200[39m [90m8 ms - 77[39m
[35m[HTTP][39m [90m[39m
[35m[HTTP][39m [37m-->[39m [37mPOST[39m [37m/wd/hub/session/d1eff7c8-94e3-45dd-96e5-4c81e4fd037a/element/00000000-0000-00f5-ffff-ffff0000012c/click[39m
[35m[HTTP][39m [90m{"id":"00000000-0000-00f5-ffff-ffff0000012c"}[39m
[35m[HTTP][39m [37m<-- POST /wd/hub/session/d1eff7c8-94e3-45dd-96e5-4c81e4fd037a/element/00000000-0000-00f5-ffff-ffff0000012c/click [39m[32m200[39m [90m764 ms - 14[39m
[35m[HTTP][39m [90m[39m
[35m[HTTP][39m [37m-->[39m [37mGET[39m [37m/wd/hub/session/d1eff7c8-94e3-45dd-96e5-4c81e4fd037a/source[39m
[35m[HTTP][39m [90m{}[39m
[35m[W3C (d1eff7c8)][39m Driver proxy active, passing request on via HTTP proxy
[35m[WD Proxy][39m Replacing sessionId 1474ee86-3622-4e74-b6b4-9a817852e576 with d1eff7c8-94e3-45dd-96e5-4c81e4fd037a
[35m[HTTP][39m [37m<-- GET /wd/hub/session/d1eff7c8-94e3-45dd-96e5-4c81e4fd037a/source [39m[32m200[39m [90m18 ms - 14383[39m
[35m[HTTP][39m [90m[39m
[35m[HTTP][39m [37m-->[39m [37mGET[39m [37m/wd/hub/session/d1eff7c8-94e3-45dd-96e5-4c81e4fd037a/screenshot[39m
[35m[HTTP][39m [90m{}[39m
[35m[HTTP][39m [37m<-- GET /wd/hub/session/d1eff7c8-94e3-45dd-96e5-4c81e4fd037a/screenshot [39m[32m200[39m [90m354 ms - 100300[39m
[35m[HTTP][39m [90m[39m
[35m[HTTP][39m [37m-->[39m [37mPOST[39m [37m/wd/hub/session/d1eff7c8-94e3-45dd-96e5-4c81e4fd037a/elements[39m
[35m[HTTP][39m [90m{"using":"xpath","value":"//*[@class = 'android.widget.ImageButton' and @resource-id = 'com.socialnmobile.dictapps.notepad.color.note:id/edit_btn' and (@text = '' or . = '')]"}[39m
[35m[HTTP][39m [37m<-- POST /wd/hub/session/d1eff7c8-94e3-45dd-96e5-4c81e4fd037a/elements [39m[32m200[39m [90m32 ms - 139[39m
[35m[HTTP][39m [90m[39m
[35m[HTTP][39m [37m-->[39m [37mGET[39m [37m/wd/hub/session/d1eff7c8-94e3-45dd-96e5-4c81e4fd037a/window/rect[39m
[35m[HTTP][39m [90m{}[39m
[35m[HTTP][39m [37m<-- GET /wd/hub/session/d1eff7c8-94e3-45dd-96e5-4c81e4fd037a/window/rect [39m[32m200[39m [90m4 ms - 50[39m
[35m[HTTP][39m [90m[39m
[35m[HTTP][39m [37m-->[39m [37mPOST[39m [37m/wd/hub/session/d1eff7c8-94e3-45dd-96e5-4c81e4fd037a/elements[39m
[35m[HTTP][39m [90m{"using":"xpath","value":"//*[@class = 'android.widget.ImageButton' and @resource-id = 'com.socialnmobile.dictapps.notepad.color.note:id/edit_btn' and (@text = '' or . = '')]"}[39m
[35m[HTTP][39m [37m<-- POST /wd/hub/session/d1eff7c8-94e3-45dd-96e5-4c81e4fd037a/elements [39m[32m200[39m [90m24 ms - 139[39m
[35m[HTTP][39m [90m[39m
[35m[HTTP][39m [37m-->[39m [37mGET[39m [37m/wd/hub/session/d1eff7c8-94e3-45dd-96e5-4c81e4fd037a/element/00000000-0000-00fb-ffff-ffff00000153/location[39m
[35m[HTTP][39m [90m{}[39m
[35m[W3C (d1eff7c8)][39m Driver proxy active, passing request on via HTTP proxy
[35m[WD Proxy][39m Replacing sessionId 1474ee86-3622-4e74-b6b4-9a817852e576 with d1eff7c8-94e3-45dd-96e5-4c81e4fd037a
[35m[HTTP][39m [37m<-- GET /wd/hub/session/d1eff7c8-94e3-45dd-96e5-4c81e4fd037a/element/00000000-0000-00fb-ffff-ffff00000153/location [39m[32m200[39m [90m11 ms - 79[39m
[35m[HTTP][39m [90m[39m
[35m[HTTP][39m [37m-->[39m [37mPOST[39m [37m/wd/hub/session/d1eff7c8-94e3-45dd-96e5-4c81e4fd037a/element/00000000-0000-00fb-ffff-ffff00000153/click[39m
[35m[HTTP][39m [90m{"id":"00000000-0000-00fb-ffff-ffff00000153"}[39m
[35m[HTTP][39m [37m<-- POST /wd/hub/session/d1eff7c8-94e3-45dd-96e5-4c81e4fd037a/element/00000000-0000-00fb-ffff-ffff00000153/click [39m[32m200[39m [90m32 ms - 14[39m
[35m[HTTP][39m [90m[39m
[35m[HTTP][39m [37m-->[39m [37mGET[39m [37m/wd/hub/session/d1eff7c8-94e3-45dd-96e5-4c81e4fd037a/source[39m
[35m[HTTP][39m [90m{}[39m
[35m[W3C (d1eff7c8)][39m Driver proxy active, passing request on via HTTP proxy
[35m[WD Proxy][39m Replacing sessionId 1474ee86-3622-4e74-b6b4-9a817852e576 with d1eff7c8-94e3-45dd-96e5-4c81e4fd037a
[35m[HTTP][39m [37m<-- GET /wd/hub/session/d1eff7c8-94e3-45dd-96e5-4c81e4fd037a/source [39m[32m200[39m [90m94 ms - 21234[39m
[35m[HTTP][39m [90m[39m
[35m[HTTP][39m [37m-->[39m [37mGET[39m [37m/wd/hub/session/d1eff7c8-94e3-45dd-96e5-4c81e4fd037a/screenshot[39m
[35m[HTTP][39m [90m{}[39m
[35m[HTTP][39m [37m<-- GET /wd/hub/session/d1eff7c8-94e3-45dd-96e5-4c81e4fd037a/screenshot [39m[32m200[39m [90m371 ms - 126098[39m
[35m[HTTP][39m [90m[39m
[35m[HTTP][39m [37m-->[39m [37mPOST[39m [37m/wd/hub/session/d1eff7c8-94e3-45dd-96e5-4c81e4fd037a/elements[39m
[35m[HTTP][39m [90m{"using":"xpath","value":"//*[@class = 'android.widget.TextView' and (@text = 'Belum makan' or . = 'Belum makan') and @resource-id = 'com.socialnmobile.dictapps.notepad.color.note:id/text']"}[39m
[35m[HTTP][39m [37m<-- POST /wd/hub/session/d1eff7c8-94e3-45dd-96e5-4c81e4fd037a/elements [39m[32m200[39m [90m40 ms - 139[39m
[35m[HTTP][39m [90m[39m
[35m[HTTP][39m [37m-->[39m [37mGET[39m [37m/wd/hub/session/d1eff7c8-94e3-45dd-96e5-4c81e4fd037a/window/rect[39m
[35m[HTTP][39m [90m{}[39m
[35m[HTTP][39m [37m<-- GET /wd/hub/session/d1eff7c8-94e3-45dd-96e5-4c81e4fd037a/window/rect [39m[32m200[39m [90m7 ms - 50[39m
[35m[HTTP][39m [90m[39m
[35m[HTTP][39m [37m-->[39m [37mPOST[39m [37m/wd/hub/session/d1eff7c8-94e3-45dd-96e5-4c81e4fd037a/elements[39m
[35m[HTTP][39m [90m{"using":"xpath","value":"//*[@class = 'android.widget.TextView' and (@text = 'Belum makan' or . = 'Belum makan') and @resource-id = 'com.socialnmobile.dictapps.notepad.color.note:id/text']"}[39m
[35m[HTTP][39m [37m<-- POST /wd/hub/session/d1eff7c8-94e3-45dd-96e5-4c81e4fd037a/elements [39m[32m200[39m [90m42 ms - 139[39m
[35m[HTTP][39m [90m[39m
[35m[HTTP][39m [37m-->[39m [37mGET[39m [37m/wd/hub/session/d1eff7c8-94e3-45dd-96e5-4c81e4fd037a/element/00000000-0000-00fb-ffff-ffff00000183/location[39m
[35m[HTTP][39m [90m{}[39m
[35m[W3C (d1eff7c8)][39m Driver proxy active, passing request on via HTTP proxy
[35m[WD Proxy][39m Replacing sessionId 1474ee86-3622-4e74-b6b4-9a817852e576 with d1eff7c8-94e3-45dd-96e5-4c81e4fd037a
[35m[HTTP][39m [37m<-- GET /wd/hub/session/d1eff7c8-94e3-45dd-96e5-4c81e4fd037a/element/00000000-0000-00fb-ffff-ffff00000183/location [39m[32m200[39m [90m14 ms - 78[39m
[35m[HTTP][39m [90m[39m
[35m[HTTP][39m [37m-->[39m [37mPOST[39m [37m/wd/hub/session/d1eff7c8-94e3-45dd-96e5-4c81e4fd037a/element/00000000-0000-00fb-ffff-ffff00000183/clear[39m
[35m[HTTP][39m [90m{"id":"00000000-0000-00fb-ffff-ffff00000183"}[39m
[35m[HTTP][39m [37m<-- POST /wd/hub/session/d1eff7c8-94e3-45dd-96e5-4c81e4fd037a/element/00000000-0000-00fb-ffff-ffff00000183/clear [39m[32m200[39m [90m9 ms - 14[39m
[35m[HTTP][39m [90m[39m
[35m[HTTP][39m [37m-->[39m [37mPOST[39m [37m/wd/hub/session/d1eff7c8-94e3-45dd-96e5-4c81e4fd037a/element/00000000-0000-00fb-ffff-ffff00000183/value[39m
[35m[HTTP][39m [90m{"id":"00000000-0000-00fb-ffff-ffff00000183","text":"Dah makan","value":["D","a","h"," ","m","a","k","a","n"]}[39m
[35m[WD Proxy][39m Got response with status 400: {"sessionId":"1474ee86-3622-4e74-b6b4-9a817852e576","value":{"error":"invalid element state","message":"Cannot set the element to 'Dah makan'. Did you interact with the correct element?","stacktrace":"io.appium.uiautomator2.common.exceptions.InvalidElementStateException: Cannot set the element to 'Dah makan'. Did you interact with the correct element?\n\tat io.appium.uiautomator2.handler.SendKeysToElement.setText(SendKeysToElement.java:87)\n\tat io.appium.uiautomator2.handler.SendKeysToElement.safeHandle(SendKeysToElement.java:115)\n\tat io.appium.uiautomator2.handler.request.SafeRequestHandler.handle(SafeRequestHandler.java:59)\n\tat io.appium.uiautomator2.server.AppiumServlet.handleRequest(AppiumServlet.java:266)\n\tat io.appium.uiautomator2.server.AppiumServlet.handleHttpRequest(AppiumServlet.java:260)\n\tat io.appium.uiautomator2.http.ServerHandler.channelRead(ServerHandler.java:68)\n\tat io.netty.channel.AbstractChannelHandlerContext.invokeChannelRead(AbstractChannelHandlerContext.java:366)\n\tat io.n...
[35m[HTTP][39m [37m<-- POST /wd/hub/session/d1eff7c8-94e3-45dd-96e5-4c81e4fd037a/element/00000000-0000-00fb-ffff-ffff00000183/value [39m[33m400[39m [90m44 ms - 3897[39m
[35m[HTTP][39m [90m[39m
[35m[HTTP][39m [37m-->[39m [37mPOST[39m [37m/wd/hub/session/d1eff7c8-94e3-45dd-96e5-4c81e4fd037a/elements[39m
[35m[HTTP][39m [90m{"using":"xpath","value":"//*[@class = 'android.widget.TextView' and (@text = 'Add Item' or . = 'Add Item') and @resource-id = 'com.socialnmobile.dictapps.notepad.color.note:id/text']"}[39m
[35m[HTTP][39m [37m<-- POST /wd/hub/session/d1eff7c8-94e3-45dd-96e5-4c81e4fd037a/elements [39m[32m200[39m [90m28 ms - 267[39m
[35m[HTTP][39m [90m[39m
[35m[HTTP][39m [37m-->[39m [37mPOST[39m [37m/wd/hub/session/d1eff7c8-94e3-45dd-96e5-4c81e4fd037a/elements[39m
[35m[HTTP][39m [90m{"using":"id","value":"com.socialnmobile.dictapps.notepad.color.note:id/text"}[39m
[35m[HTTP][39m [37m<-- POST /wd/hub/session/d1eff7c8-94e3-45dd-96e5-4c81e4fd037a/elements [39m[32m200[39m [90m10 ms - 395[39m
[35m[HTTP][39m [90m[39m
[35m[HTTP][39m [37m-->[39m [37mPOST[39m [37m/wd/hub/session/d1eff7c8-94e3-45dd-96e5-4c81e4fd037a/elements[39m
[35m[HTTP][39m [90m{"using":"-android uiautomator","value":"new UiSelector().className(\"android.widget.TextView\").text(\"Add Item\").resourceId(\"com.socialnmobile.dictapps.notepad.color.note:id/text\")"}[39m
[35m[HTTP][39m [37m<-- POST /wd/hub/session/d1eff7c8-94e3-45dd-96e5-4c81e4fd037a/elements [39m[32m200[39m [90m18 ms - 267[39m
[35m[HTTP][39m [90m[39m
[35m[HTTP][39m [37m-->[39m [37mGET[39m [37m/wd/hub/session/d1eff7c8-94e3-45dd-96e5-4c81e4fd037a/window/rect[39m
[35m[HTTP][39m [90m{}[39m
[35m[HTTP][39m [37m<-- GET /wd/hub/session/d1eff7c8-94e3-45dd-96e5-4c81e4fd037a/window/rect [39m[32m200[39m [90m5 ms - 50[39m
[35m[HTTP][39m [90m[39m
[35m[HTTP][39m [37m-->[39m [37mPOST[39m [37m/wd/hub/session/d1eff7c8-94e3-45dd-96e5-4c81e4fd037a/elements[39m
[35m[HTTP][39m [90m{"using":"xpath","value":"//hierarchy/android.widget.FrameLayout[1]/android.widget.LinearLayout[1]/android.widget.FrameLayout[1]/android.widget.FrameLayout[1]/android.widget.FrameLayout[1]/android.widget.RelativeLayout[1]/android.widget.FrameLayout[1]/android.widget.RelativeLayout[1]/android.view.ViewGroup[1]/android.widget.LinearLayout[1]/android.widget.RelativeLayout[2]/android.widget.ListView[1]/android.widget.LinearLayout[1]/android.widget.LinearLayout[1]/android.widget.TextView[1]"}[39m
[35m[HTTP][39m [37m<-- POST /wd/hub/session/d1eff7c8-94e3-45dd-96e5-4c81e4fd037a/elements [39m[32m200[39m [90m24 ms - 139[39m
[35m[HTTP][39m [90m[39m
[35m[HTTP][39m [37m-->[39m [37mGET[39m [37m/wd/hub/session/d1eff7c8-94e3-45dd-96e5-4c81e4fd037a/element/00000000-0000-00fb-ffff-ffff0000017b/location[39m
[35m[HTTP][39m [90m{}[39m
[35m[W3C (d1eff7c8)][39m Driver proxy active, passing request on via HTTP proxy
[35m[WD Proxy][39m Replacing sessionId 1474ee86-3622-4e74-b6b4-9a817852e576 with d1eff7c8-94e3-45dd-96e5-4c81e4fd037a
[35m[HTTP][39m [37m<-- GET /wd/hub/session/d1eff7c8-94e3-45dd-96e5-4c81e4fd037a/element/00000000-0000-00fb-ffff-ffff0000017b/location [39m[32m200[39m [90m7 ms - 78[39m
[35m[HTTP][39m [90m[39m
[35m[HTTP][39m [37m-->[39m [37mPOST[39m [37m/wd/hub/session/d1eff7c8-94e3-45dd-96e5-4c81e4fd037a/element/00000000-0000-00fb-ffff-ffff0000017b/click[39m
[35m[HTTP][39m [90m{"id":"00000000-0000-00fb-ffff-ffff0000017b"}[39m
[35m[HTTP][39m [37m<-- POST /wd/hub/session/d1eff7c8-94e3-45dd-96e5-4c81e4fd037a/element/00000000-0000-00fb-ffff-ffff0000017b/click [39m[32m200[39m [90m1038 ms - 14[39m
[35m[HTTP][39m [90m[39m
[35m[HTTP][39m [37m-->[39m [37mGET[39m [37m/wd/hub/session/d1eff7c8-94e3-45dd-96e5-4c81e4fd037a/source[39m
[35m[HTTP][39m [90m{}[39m
[35m[W3C (d1eff7c8)][39m Driver proxy active, passing request on via HTTP proxy
[35m[WD Proxy][39m Replacing sessionId 1474ee86-3622-4e74-b6b4-9a817852e576 with d1eff7c8-94e3-45dd-96e5-4c81e4fd037a
[35m[HTTP][39m [37m<-- GET /wd/hub/session/d1eff7c8-94e3-45dd-96e5-4c81e4fd037a/source [39m[32m200[39m [90m15 ms - 9051[39m
[35m[HTTP][39m [90m[39m
[35m[HTTP][39m [37m-->[39m [37mGET[39m [37m/wd/hub/session/d1eff7c8-94e3-45dd-96e5-4c81e4fd037a/screenshot[39m
[35m[HTTP][39m [90m{}[39m
[35m[HTTP][39m [37m<-- GET /wd/hub/session/d1eff7c8-94e3-45dd-96e5-4c81e4fd037a/screenshot [39m[32m200[39m [90m382 ms - 227416[39m
[35m[HTTP][39m [90m[39m
[35m[HTTP][39m [37m-->[39m [37mPOST[39m [37m/wd/hub/session/d1eff7c8-94e3-45dd-96e5-4c81e4fd037a/elements[39m
[35m[HTTP][39m [90m{"using":"xpath","value":"//*[@class = 'android.widget.EditText' and @resource-id = 'com.socialnmobile.dictapps.notepad.color.note:id/edit' and (@text = '' or . = '')]"}[39m
[35m[HTTP][39m [37m<-- POST /wd/hub/session/d1eff7c8-94e3-45dd-96e5-4c81e4fd037a/elements [39m[32m200[39m [90m29 ms - 139[39m
[35m[HTTP][39m [90m[39m
[35m[HTTP][39m [37m-->[39m [37mGET[39m [37m/wd/hub/session/d1eff7c8-94e3-45dd-96e5-4c81e4fd037a/window/rect[39m
[35m[HTTP][39m [90m{}[39m
[35m[HTTP][39m [37m<-- GET /wd/hub/session/d1eff7c8-94e3-45dd-96e5-4c81e4fd037a/window/rect [39m[32m200[39m [90m5 ms - 50[39m
[35m[HTTP][39m [90m[39m
[35m[HTTP][39m [37m-->[39m [37mPOST[39m [37m/wd/hub/session/d1eff7c8-94e3-45dd-96e5-4c81e4fd037a/elements[39m
[35m[HTTP][39m [90m{"using":"xpath","value":"//*[@class = 'android.widget.EditText' and @resource-id = 'com.socialnmobile.dictapps.notepad.color.note:id/edit' and (@text = '' or . = '')]"}[39m
[35m[HTTP][39m [37m<-- POST /wd/hub/session/d1eff7c8-94e3-45dd-96e5-4c81e4fd037a/elements [39m[32m200[39m [90m20 ms - 139[39m
[35m[HTTP][39m [90m[39m
[35m[HTTP][39m [37m-->[39m [37mGET[39m [37m/wd/hub/session/d1eff7c8-94e3-45dd-96e5-4c81e4fd037a/element/00000000-0000-00fc-ffff-ffff0000018c/location[39m
[35m[HTTP][39m [90m{}[39m
[35m[W3C (d1eff7c8)][39m Driver proxy active, passing request on via HTTP proxy
[35m[WD Proxy][39m Replacing sessionId 1474ee86-3622-4e74-b6b4-9a817852e576 with d1eff7c8-94e3-45dd-96e5-4c81e4fd037a
[35m[HTTP][39m [37m<-- GET /wd/hub/session/d1eff7c8-94e3-45dd-96e5-4c81e4fd037a/element/00000000-0000-00fc-ffff-ffff0000018c/location [39m[32m200[39m [90m7 ms - 78[39m
[35m[HTTP][39m [90m[39m
[35m[HTTP][39m [37m-->[39m [37mPOST[39m [37m/wd/hub/session/d1eff7c8-94e3-45dd-96e5-4c81e4fd037a/element/00000000-0000-00fc-ffff-ffff0000018c/clear[39m
[35m[HTTP][39m [90m{"id":"00000000-0000-00fc-ffff-ffff0000018c"}[39m
[35m[HTTP][39m [37m<-- POST /wd/hub/session/d1eff7c8-94e3-45dd-96e5-4c81e4fd037a/element/00000000-0000-00fc-ffff-ffff0000018c/clear [39m[32m200[39m [90m12 ms - 14[39m
[35m[HTTP][39m [90m[39m
[35m[HTTP][39m [37m-->[39m [37mPOST[39m [37m/wd/hub/session/d1eff7c8-94e3-45dd-96e5-4c81e4fd037a/element/00000000-0000-00fc-ffff-ffff0000018c/value[39m
[35m[HTTP][39m [90m{"id":"00000000-0000-00fc-ffff-ffff0000018c","text":"Dah Makan","value":["D","a","h"," ","M","a","k","a","n"]}[39m
[35m[HTTP][39m [37m<-- POST /wd/hub/session/d1eff7c8-94e3-45dd-96e5-4c81e4fd037a/element/00000000-0000-00fc-ffff-ffff0000018c/value [39m[32m200[39m [90m736 ms - 14[39m
[35m[HTTP][39m [90m[39m
[35m[HTTP][39m [37m-->[39m [37mGET[39m [37m/wd/hub/session/d1eff7c8-94e3-45dd-96e5-4c81e4fd037a/source[39m
[35m[HTTP][39m [90m{}[39m
[35m[W3C (d1eff7c8)][39m Driver proxy active, passing request on via HTTP proxy
[35m[WD Proxy][39m Replacing sessionId 1474ee86-3622-4e74-b6b4-9a817852e576 with d1eff7c8-94e3-45dd-96e5-4c81e4fd037a
[35m[HTTP][39m [37m<-- GET /wd/hub/session/d1eff7c8-94e3-45dd-96e5-4c81e4fd037a/source [39m[32m200[39m [90m198 ms - 9060[39m
[35m[HTTP][39m [90m[39m
[35m[HTTP][39m [37m-->[39m [37mGET[39m [37m/wd/hub/session/d1eff7c8-94e3-45dd-96e5-4c81e4fd037a/screenshot[39m
[35m[HTTP][39m [90m{}[39m
[35m[HTTP][39m [37m<-- GET /wd/hub/session/d1eff7c8-94e3-45dd-96e5-4c81e4fd037a/screenshot [39m[32m200[39m [90m376 ms - 226078[39m
[35m[HTTP][39m [90m[39m
[35m[HTTP][39m [37m-->[39m [37mPOST[39m [37m/wd/hub/session/d1eff7c8-94e3-45dd-96e5-4c81e4fd037a/elements[39m
[35m[HTTP][39m [90m{"using":"xpath","value":"//*[@class = 'android.widget.Button' and (@text = 'OK' or . = 'OK') and @resource-id = 'android:id/button1']"}[39m
[35m[HTTP][39m [37m<-- POST /wd/hub/session/d1eff7c8-94e3-45dd-96e5-4c81e4fd037a/elements [39m[32m200[39m [90m29 ms - 139[39m
[35m[HTTP][39m [90m[39m
[35m[HTTP][39m [37m-->[39m [37mGET[39m [37m/wd/hub/session/d1eff7c8-94e3-45dd-96e5-4c81e4fd037a/window/rect[39m
[35m[HTTP][39m [90m{}[39m
[35m[HTTP][39m [37m<-- GET /wd/hub/session/d1eff7c8-94e3-45dd-96e5-4c81e4fd037a/window/rect [39m[32m200[39m [90m4 ms - 50[39m
[35m[HTTP][39m [90m[39m
[35m[HTTP][39m [37m-->[39m [37mPOST[39m [37m/wd/hub/session/d1eff7c8-94e3-45dd-96e5-4c81e4fd037a/elements[39m
[35m[HTTP][39m [90m{"using":"xpath","value":"//*[@class = 'android.widget.Button' and (@text = 'OK' or . = 'OK') and @resource-id = 'android:id/button1']"}[39m
[35m[HTTP][39m [37m<-- POST /wd/hub/session/d1eff7c8-94e3-45dd-96e5-4c81e4fd037a/elements [39m[32m200[39m [90m21 ms - 139[39m
[35m[HTTP][39m [90m[39m
[35m[HTTP][39m [37m-->[39m [37mGET[39m [37m/wd/hub/session/d1eff7c8-94e3-45dd-96e5-4c81e4fd037a/element/00000000-0000-00fc-ffff-ffff000001b2/location[39m
[35m[HTTP][39m [90m{}[39m
[35m[W3C (d1eff7c8)][39m Driver proxy active, passing request on via HTTP proxy
[35m[WD Proxy][39m Replacing sessionId 1474ee86-3622-4e74-b6b4-9a817852e576 with d1eff7c8-94e3-45dd-96e5-4c81e4fd037a
[35m[HTTP][39m [37m<-- GET /wd/hub/session/d1eff7c8-94e3-45dd-96e5-4c81e4fd037a/element/00000000-0000-00fc-ffff-ffff000001b2/location [39m[32m200[39m [90m7 ms - 80[39m
[35m[HTTP][39m [90m[39m
[35m[HTTP][39m [37m-->[39m [37mPOST[39m [37m/wd/hub/session/d1eff7c8-94e3-45dd-96e5-4c81e4fd037a/element/00000000-0000-00fc-ffff-ffff000001b2/click[39m
[35m[HTTP][39m [90m{"id":"00000000-0000-00fc-ffff-ffff000001b2"}[39m
[35m[HTTP][39m [37m<-- POST /wd/hub/session/d1eff7c8-94e3-45dd-96e5-4c81e4fd037a/element/00000000-0000-00fc-ffff-ffff000001b2/click [39m[32m200[39m [90m40 ms - 14[39m
[35m[HTTP][39m [90m[39m
[35m[HTTP][39m [37m-->[39m [37mGET[39m [37m/wd/hub/session/d1eff7c8-94e3-45dd-96e5-4c81e4fd037a/source[39m
[35m[HTTP][39m [90m{}[39m
[35m[W3C (d1eff7c8)][39m Driver proxy active, passing request on via HTTP proxy
[35m[WD Proxy][39m Replacing sessionId 1474ee86-3622-4e74-b6b4-9a817852e576 with d1eff7c8-94e3-45dd-96e5-4c81e4fd037a
[35m[HTTP][39m [37m<-- GET /wd/hub/session/d1eff7c8-94e3-45dd-96e5-4c81e4fd037a/source [39m[32m200[39m [90m109 ms - 24286[39m
[35m[HTTP][39m [90m[39m
[35m[HTTP][39m [37m-->[39m [37mGET[39m [37m/wd/hub/session/d1eff7c8-94e3-45dd-96e5-4c81e4fd037a/screenshot[39m
[35m[HTTP][39m [90m{}[39m
[35m[HTTP][39m [37m<-- GET /wd/hub/session/d1eff7c8-94e3-45dd-96e5-4c81e4fd037a/screenshot [39m[32m200[39m [90m340 ms - 138384[39m
[35m[HTTP][39m [90m[39m
[35m[HTTP][39m [37m-->[39m [37mGET[39m [37m/wd/hub/session/d1eff7c8-94e3-45dd-96e5-4c81e4fd037a/context[39m
[35m[HTTP][39m [90m{}[39m
[35m[HTTP][39m [37m<-- GET /wd/hub/session/d1eff7c8-94e3-45dd-96e5-4c81e4fd037a/context [39m[32m200[39m [90m1 ms - 22[39m
[35m[HTTP][39m [90m[39m
[35m[HTTP][39m [37m-->[39m [37mGET[39m [37m/wd/hub/session/d1eff7c8-94e3-45dd-96e5-4c81e4fd037a/contexts[39m
[35m[HTTP][39m [90m{}[39m
[35m[HTTP][39m [37m<-- GET /wd/hub/session/d1eff7c8-94e3-45dd-96e5-4c81e4fd037a/contexts [39m[32m200[39m [90m35 ms - 24[39m
[35m[HTTP][39m [90m[39m
[35m[HTTP][39m [37m-->[39m [37mPOST[39m [37m/wd/hub/session/d1eff7c8-94e3-45dd-96e5-4c81e4fd037a/context[39m
[35m[HTTP][39m [90m{"name":"NATIVE_APP"}[39m
[35m[HTTP][39m [37m<-- POST /wd/hub/session/d1eff7c8-94e3-45dd-96e5-4c81e4fd037a/context [39m[32m200[39m [90m1 ms - 14[39m
[35m[HTTP][39m [90m[39m
[35m[HTTP][39m [37m-->[39m [37mPOST[39m [37m/wd/hub/session/d1eff7c8-94e3-45dd-96e5-4c81e4fd037a/appium/device/press_keycode[39m
[35m[HTTP][39m [90m{"keycode":4}[39m
[35m[HTTP][39m [37m<-- POST /wd/hub/session/d1eff7c8-94e3-45dd-96e5-4c81e4fd037a/appium/device/press_keycode [39m[32m200[39m [90m90 ms - 14[39m
[35m[HTTP][39m [90m[39m
[35m[HTTP][39m [37m-->[39m [37mPOST[39m [37m/wd/hub/session/d1eff7c8-94e3-45dd-96e5-4c81e4fd037a/context[39m
[35m[HTTP][39m [90m{"name":"NATIVE_APP"}[39m
[35m[HTTP][39m [37m<-- POST /wd/hub/session/d1eff7c8-94e3-45dd-96e5-4c81e4fd037a/context [39m[32m200[39m [90m1 ms - 14[39m
[35m[HTTP][39m [90m[39m
[35m[HTTP][39m [37m-->[39m [37mGET[39m [37m/wd/hub/session/d1eff7c8-94e3-45dd-96e5-4c81e4fd037a/source[39m
[35m[HTTP][39m [90m{}[39m
[35m[W3C (d1eff7c8)][39m Driver proxy active, passing request on via HTTP proxy
[35m[WD Proxy][39m Replacing sessionId 1474ee86-3622-4e74-b6b4-9a817852e576 with d1eff7c8-94e3-45dd-96e5-4c81e4fd037a
[35m[HTTP][39m [37m<-- GET /wd/hub/session/d1eff7c8-94e3-45dd-96e5-4c81e4fd037a/source [39m[32m200[39m [90m39 ms - 18053[39m
[35m[HTTP][39m [90m[39m
[35m[HTTP][39m [37m-->[39m [37mGET[39m [37m/wd/hub/session/d1eff7c8-94e3-45dd-96e5-4c81e4fd037a/screenshot[39m
[35m[HTTP][39m [90m{}[39m
[35m[HTTP][39m [37m<-- GET /wd/hub/session/d1eff7c8-94e3-45dd-96e5-4c81e4fd037a/screenshot [39m[32m200[39m [90m345 ms - 122838[39m
[35m[HTTP][39m [90m[39m
[35m[HTTP][39m [37m-->[39m [37mGET[39m [37m/wd/hub/session/d1eff7c8-94e3-45dd-96e5-4c81e4fd037a/context[39m
[35m[HTTP][39m [90m{}[39m
[35m[HTTP][39m [37m<-- GET /wd/hub/session/d1eff7c8-94e3-45dd-96e5-4c81e4fd037a/context [39m[32m200[39m [90m1 ms - 22[39m
[35m[HTTP][39m [90m[39m
[35m[HTTP][39m [37m-->[39m [37mGET[39m [37m/wd/hub/session/d1eff7c8-94e3-45dd-96e5-4c81e4fd037a/contexts[39m
[35m[HTTP][39m [90m{}[39m
[35m[HTTP][39m [37m<-- GET /wd/hub/session/d1eff7c8-94e3-45dd-96e5-4c81e4fd037a/contexts [39m[32m200[39m [90m36 ms - 24[39m
[35m[HTTP][39m [90m[39m
[35m[HTTP][39m [37m-->[39m [37mPOST[39m [37m/wd/hub/session/d1eff7c8-94e3-45dd-96e5-4c81e4fd037a/context[39m
[35m[HTTP][39m [90m{"name":"NATIVE_APP"}[39m
[35m[HTTP][39m [37m<-- POST /wd/hub/session/d1eff7c8-94e3-45dd-96e5-4c81e4fd037a/context [39m[32m200[39m [90m1 ms - 14[39m
[35m[HTTP][39m [90m[39m
[35m[HTTP][39m [37m-->[39m [37mPOST[39m [37m/wd/hub/session/d1eff7c8-94e3-45dd-96e5-4c81e4fd037a/appium/device/press_keycode[39m
[35m[HTTP][39m [90m{"keycode":4}[39m
[35m[HTTP][39m [37m<-- POST /wd/hub/session/d1eff7c8-94e3-45dd-96e5-4c81e4fd037a/appium/device/press_keycode [39m[32m200[39m [90m620 ms - 14[39m
[35m[HTTP][39m [90m[39m
[35m[HTTP][39m [37m-->[39m [37mPOST[39m [37m/wd/hub/session/d1eff7c8-94e3-45dd-96e5-4c81e4fd037a/context[39m
[35m[HTTP][39m [90m{"name":"NATIVE_APP"}[39m
[35m[HTTP][39m [37m<-- POST /wd/hub/session/d1eff7c8-94e3-45dd-96e5-4c81e4fd037a/context [39m[32m200[39m [90m1 ms - 14[39m
[35m[HTTP][39m [90m[39m
[35m[HTTP][39m [37m-->[39m [37mGET[39m [37m/wd/hub/session/d1eff7c8-94e3-45dd-96e5-4c81e4fd037a/source[39m
[35m[HTTP][39m [90m{}[39m
[35m[W3C (d1eff7c8)][39m Driver proxy active, passing request on via HTTP proxy
[35m[WD Proxy][39m Replacing sessionId 1474ee86-3622-4e74-b6b4-9a817852e576 with d1eff7c8-94e3-45dd-96e5-4c81e4fd037a
[35m[HTTP][39m [37m<-- GET /wd/hub/session/d1eff7c8-94e3-45dd-96e5-4c81e4fd037a/source [39m[32m200[39m [90m29 ms - 22466[39m
[35m[HTTP][39m [90m[39m
[35m[HTTP][39m [37m-->[39m [37mGET[39m [37m/wd/hub/session/d1eff7c8-94e3-45dd-96e5-4c81e4fd037a/screenshot[39m
[35m[HTTP][39m [90m{}[39m
[35m[HTTP][39m [37m<-- GET /wd/hub/session/d1eff7c8-94e3-45dd-96e5-4c81e4fd037a/screenshot [39m[32m200[39m [90m337 ms - 149872[39m
[35m[HTTP][39m [90m[39m
[35m[HTTP][39m [37m-->[39m [37mPOST[39m [37m/wd/hub/session/d1eff7c8-94e3-45dd-96e5-4c81e4fd037a/elements[39m
[35m[HTTP][39m [90m{"using":"xpath","value":"//*[@class = 'android.widget.TextView' and (@text = '(12/13/2022)' or . = '(12/13/2022)') and @resource-id = 'com.socialnmobile.dictapps.notepad.color.note:id/title']"}[39m
[35m[HTTP][39m [37m<-- POST /wd/hub/session/d1eff7c8-94e3-45dd-96e5-4c81e4fd037a/elements [39m[32m200[39m [90m43 ms - 139[39m
[35m[HTTP][39m [90m[39m
[35m[HTTP][39m [37m-->[39m [37mPOST[39m [37m/wd/hub/session/d1eff7c8-94e3-45dd-96e5-4c81e4fd037a/elements[39m
[35m[HTTP][39m [90m{"using":"xpath","value":"//*[@class = 'android.widget.TextView' and (@text = '(12/13/2022)' or . = '(12/13/2022)') and @resource-id = 'com.socialnmobile.dictapps.notepad.color.note:id/title']"}[39m
[35m[HTTP][39m [37m<-- POST /wd/hub/session/d1eff7c8-94e3-45dd-96e5-4c81e4fd037a/elements [39m[32m200[39m [90m29 ms - 139[39m
[35m[HTTP][39m [90m[39m
[35m[HTTP][39m [37m-->[39m [37mGET[39m [37m/wd/hub/session/d1eff7c8-94e3-45dd-96e5-4c81e4fd037a/source[39m
[35m[HTTP][39m [90m{}[39m
[35m[W3C (d1eff7c8)][39m Driver proxy active, passing request on via HTTP proxy
[35m[WD Proxy][39m Replacing sessionId 1474ee86-3622-4e74-b6b4-9a817852e576 with d1eff7c8-94e3-45dd-96e5-4c81e4fd037a
[35m[HTTP][39m [37m<-- GET /wd/hub/session/d1eff7c8-94e3-45dd-96e5-4c81e4fd037a/source [39m[32m200[39m [90m26 ms - 22466[39m
[35m[HTTP][39m [90m[39m
[35m[HTTP][39m [37m-->[39m [37mGET[39m [37m/wd/hub/session/d1eff7c8-94e3-45dd-96e5-4c81e4fd037a/screenshot[39m
[35m[HTTP][39m [90m{}[39m
[35m[HTTP][39m [37m<-- GET /wd/hub/session/d1eff7c8-94e3-45dd-96e5-4c81e4fd037a/screenshot [39m[32m200[39m [90m341 ms - 149872[39m
[35m[HTTP][39m [90m[39m
[35m[HTTP][39m [37m-->[39m [37mDELETE[39m [37m/wd/hub/session/d1eff7c8-94e3-45dd-96e5-4c81e4fd037a[39m
[35m[HTTP][39m [90m{}[39m
[35m[Appium][39m Removing session d1eff7c8-94e3-45dd-96e5-4c81e4fd037a from our master session list
[35m[UiAutomator2][39m Restoring hidden api policy to the device default configuration
[35m[HTTP][39m [37m<-- DELETE /wd/hub/session/d1eff7c8-94e3-45dd-96e5-4c81e4fd037a [39m[32m200[39m [90m190 ms - 14[39m
[35m[HTTP][39m [90m[39m
